# JRE version: Java(TM) SE Runtime Environment (8.0_131-b11) (build 1.8.0_131-b11)
# Java VM: Java HotSpot(TM) 64-Bit Server VM (25.131-b11 mixed mode linux-amd64 compressed oops)
Heap:
 PSYoungGen      total 702464K, used 12511K [0x0000000782200000, 0x00000007aef00000, 0x00000007c0000000)
  eden space 670720K, 0% used [0x0000000782200000,0x0000000782200000,0x00000007ab100000)
  from space 31744K, 39% used [0x00000007ab100000,0x00000007abd37ee8,0x00000007ad000000)
  to   space 27648K, 0% used [0x00000007ad400000,0x00000007ad400000,0x00000007aef00000)
 ParOldGen       total 142336K, used 43226K [0x0000000706600000, 0x000000070f100000, 0x0000000782200000)
  object space 142336K, 30% used [0x0000000706600000,0x0000000709036928,0x000000070f100000)
 Metaspace       used 35023K, capacity 36282K, committed 36648K, reserved 1081344K
  class space    used 4030K, capacity 4424K, committed 4480K, reserved 1048576K
GC Heap History (10 events):
Event: 18.486 GC heap after
Heap after GC invocations=16 (full 2):
 PSYoungGen      total 440320K, used 16253K [0x0000000782200000, 0x000000079f300000, 0x00000007c0000000)
  eden space 406016K, 0% used [0x0000000782200000,0x0000000782200000,0x000000079ae80000)
  from space 34304K, 47% used [0x000000079ce80000,0x000000079de5f508,0x000000079f000000)
  to   space 32768K, 0% used [0x000000079ae80000,0x000000079ae80000,0x000000079ce80000)
 ParOldGen       total 142336K, used 31742K [0x0000000706600000, 0x000000070f100000, 0x0000000782200000)
  object space 142336K, 22% used [0x0000000706600000,0x00000007084ff9f0,0x000000070f100000)
 Metaspace       used 32670K, capacity 33776K, committed 35496K, reserved 1081344K
  class space    used 3748K, capacity 4083K, committed 4352K, reserved 1048576K
}
Event: 19.130 GC heap before
{Heap before GC invocations=17 (full 2):
 PSYoungGen      total 440320K, used 422269K [0x0000000782200000, 0x000000079f300000, 0x00000007c0000000)
  eden space 406016K, 100% used [0x0000000782200000,0x000000079ae80000,0x000000079ae80000)
  from space 34304K, 47% used [0x000000079ce80000,0x000000079de5f508,0x000000079f000000)
  to   space 32768K, 0% used [0x000000079ae80000,0x000000079ae80000,0x000000079ce80000)
 ParOldGen       total 142336K, used 31742K [0x0000000706600000, 0x000000070f100000, 0x0000000782200000)
  object space 142336K, 22% used [0x0000000706600000,0x00000007084ff9f0,0x000000070f100000)
 Metaspace       used 32674K, capacity 33776K, committed 35496K, reserved 1081344K
  class space    used 3748K, capacity 4083K, committed 4352K, reserved 1048576K
Event: 19.163 GC heap after
Heap after GC invocations=17 (full 2):
 PSYoungGen      total 438784K, used 14908K [0x0000000782200000, 0x00000007a7c00000, 0x00000007c0000000)
  eden space 406016K, 0% used [0x0000000782200000,0x0000000782200000,0x000000079ae80000)
  from space 32768K, 45% used [0x000000079ae80000,0x000000079bd0f0a8,0x000000079ce80000)
  to   space 31232K, 0% used [0x00000007a5d80000,0x00000007a5d80000,0x00000007a7c00000)
 ParOldGen       total 142336K, used 31742K [0x0000000706600000, 0x000000070f100000, 0x0000000782200000)
  object space 142336K, 22% used [0x0000000706600000,0x00000007084ff9f0,0x000000070f100000)
 Metaspace       used 32674K, capacity 33776K, committed 35496K, reserved 1081344K
  class space    used 3748K, capacity 4083K, committed 4352K, reserved 1048576K
}
Event: 20.719 GC heap before
{Heap before GC invocations=18 (full 2):
 PSYoungGen      total 438784K, used 420924K [0x0000000782200000, 0x00000007a7c00000, 0x00000007c0000000)
  eden space 406016K, 100% used [0x0000000782200000,0x000000079ae80000,0x000000079ae80000)
  from space 32768K, 45% used [0x000000079ae80000,0x000000079bd0f0a8,0x000000079ce80000)
  to   space 31232K, 0% used [0x00000007a5d80000,0x00000007a5d80000,0x00000007a7c00000)
 ParOldGen       total 142336K, used 31742K [0x0000000706600000, 0x000000070f100000, 0x0000000782200000)
  object space 142336K, 22% used [0x0000000706600000,0x00000007084ff9f0,0x000000070f100000)
 Metaspace       used 33841K, capacity 35058K, committed 35496K, reserved 1081344K
  class space    used 3888K, capacity 4253K, committed 4352K, reserved 1048576K
Event: 20.743 GC heap after
Heap after GC invocations=18 (full 2):
 PSYoungGen      total 565760K, used 18150K [0x0000000782200000, 0x00000007a7200000, 0x00000007c0000000)
  eden space 544768K, 0% used [0x0000000782200000,0x0000000782200000,0x00000007a3600000)
  from space 20992K, 86% used [0x00000007a5d80000,0x00000007a6f39b38,0x00000007a7200000)
  to   space 30720K, 0% used [0x00000007a3600000,0x00000007a3600000,0x00000007a5400000)
 ParOldGen       total 142336K, used 31750K [0x0000000706600000, 0x000000070f100000, 0x0000000782200000)
  object space 142336K, 22% used [0x0000000706600000,0x00000007085019f0,0x000000070f100000)
 Metaspace       used 33841K, capacity 35058K, committed 35496K, reserved 1081344K
  class space    used 3888K, capacity 4253K, committed 4352K, reserved 1048576K
}
Event: 21.821 GC heap before
{Heap before GC invocations=19 (full 2):
 PSYoungGen      total 565760K, used 562918K [0x0000000782200000, 0x00000007a7200000, 0x00000007c0000000)
  eden space 544768K, 100% used [0x0000000782200000,0x00000007a3600000,0x00000007a3600000)
  from space 20992K, 86% used [0x00000007a5d80000,0x00000007a6f39b38,0x00000007a7200000)
  to   space 30720K, 0% used [0x00000007a3600000,0x00000007a3600000,0x00000007a5400000)
 ParOldGen       total 142336K, used 31750K [0x0000000706600000, 0x000000070f100000, 0x0000000782200000)
  object space 142336K, 22% used [0x0000000706600000,0x00000007085019f0,0x000000070f100000)
 Metaspace       used 33844K, capacity 35058K, committed 35496K, reserved 1081344K
  class space    used 3888K, capacity 4253K, committed 4352K, reserved 1048576K
Event: 21.882 GC heap after
Heap after GC invocations=19 (full 2):
 PSYoungGen      total 575488K, used 18569K [0x0000000782200000, 0x00000007af100000, 0x00000007c0000000)
  eden space 544768K, 0% used [0x0000000782200000,0x0000000782200000,0x00000007a3600000)
  from space 30720K, 60% used [0x00000007a3600000,0x00000007a4822450,0x00000007a5400000)
  to   space 29696K, 0% used [0x00000007ad400000,0x00000007ad400000,0x00000007af100000)
 ParOldGen       total 142336K, used 31750K [0x0000000706600000, 0x000000070f100000, 0x0000000782200000)
  object space 142336K, 22% used [0x0000000706600000,0x00000007085019f0,0x000000070f100000)
 Metaspace       used 33844K, capacity 35058K, committed 35496K, reserved 1081344K
  class space    used 3888K, capacity 4253K, committed 4352K, reserved 1048576K
}
Event: 24.422 GC heap before
{Heap before GC invocations=20 (full 2):
 PSYoungGen      total 575488K, used 563337K [0x0000000782200000, 0x00000007af100000, 0x00000007c0000000)
  eden space 544768K, 100% used [0x0000000782200000,0x00000007a3600000,0x00000007a3600000)
  from space 30720K, 60% used [0x00000007a3600000,0x00000007a4822450,0x00000007a5400000)
  to   space 29696K, 0% used [0x00000007ad400000,0x00000007ad400000,0x00000007af100000)
 ParOldGen       total 142336K, used 31750K [0x0000000706600000, 0x000000070f100000, 0x0000000782200000)
  object space 142336K, 22% used [0x0000000706600000,0x00000007085019f0,0x000000070f100000)
 Metaspace       used 35020K, capacity 36282K, committed 36648K, reserved 1081344K
  class space    used 4030K, capacity 4424K, committed 4480K, reserved 1048576K
Event: 24.479 GC heap after
Heap after GC invocations=20 (full 2):
 PSYoungGen      total 698368K, used 25034K [0x0000000782200000, 0x00000007aef00000, 0x00000007c0000000)
  eden space 670720K, 0% used [0x0000000782200000,0x0000000782200000,0x00000007ab100000)
  from space 27648K, 90% used [0x00000007ad400000,0x00000007aec72850,0x00000007aef00000)
  to   space 31744K, 0% used [0x00000007ab100000,0x00000007ab100000,0x00000007ad000000)
 ParOldGen       total 142336K, used 31758K [0x0000000706600000, 0x000000070f100000, 0x0000000782200000)
  object space 142336K, 22% used [0x0000000706600000,0x00000007085039f0,0x000000070f100000)
 Metaspace       used 35020K, capacity 36282K, committed 36648K, reserved 1081344K
  class space    used 4030K, capacity 4424K, committed 4480K, reserved 1048576K
}
Event: 25.946 GC heap before
{Heap before GC invocations=21 (full 2):
 PSYoungGen      total 698368K, used 695754K [0x0000000782200000, 0x00000007aef00000, 0x00000007c0000000)
  eden space 670720K, 100% used [0x0000000782200000,0x00000007ab100000,0x00000007ab100000)
  from space 27648K, 90% used [0x00000007ad400000,0x00000007aec72850,0x00000007aef00000)
  to   space 31744K, 0% used [0x00000007ab100000,0x00000007ab100000,0x00000007ad000000)
 ParOldGen       total 142336K, used 31758K [0x0000000706600000, 0x000000070f100000, 0x0000000782200000)
  object space 142336K, 22% used [0x0000000706600000,0x00000007085039f0,0x000000070f100000)
 Metaspace       used 35023K, capacity 36282K, committed 36648K, reserved 1081344K
  class space    used 4030K, capacity 4424K, committed 4480K, reserved 1048576K

